Flutter crash report.
Please report a bug at https://github.com/flutter/flutter/issues.

## command

flutter run

## exception

RPCError: getVM: (-32000) Service connection disposed

```
#0      new _OutstandingRequest (package:vm_service/src/vm_service.dart:261:34)
#1      VmService._call.<anonymous closure> (package:vm_service/src/vm_service.dart:1778:25)
#2      VmService._call (package:vm_service/src/vm_service.dart:1790:8)
#3      VmService.getVM (package:vm_service/src/vm_service.dart:1245:25)
#4      FlutterDevice.initLogReader (package:flutter_tools/src/resident_runner.dart:428:55)
#5      HotRunner.attach (package:flutter_tools/src/run_hot.dart:266:21)
<asynchronous suspension>
#6      RunCommand.runCommand (package:flutter_tools/src/commands/run.dart:867:27)
<asynchronous suspension>
#7      FlutterCommand.run.<anonymous closure> (package:flutter_tools/src/runner/flutter_command.dart:1408:27)
<asynchronous suspension>
#8      AppContext.run.<anonymous closure> (package:flutter_tools/src/base/context.dart:153:19)
<asynchronous suspension>
#9      CommandRunner.runCommand (package:args/command_runner.dart:212:13)
<asynchronous suspension>
#10     FlutterCommandRunner.runCommand.<anonymous closure> (package:flutter_tools/src/runner/flutter_command_runner.dart:420:9)
<asynchronous suspension>
#11     AppContext.run.<anonymous closure> (package:flutter_tools/src/base/context.dart:153:19)
<asynchronous suspension>
#12     FlutterCommandRunner.runCommand (package:flutter_tools/src/runner/flutter_command_runner.dart:364:5)
<asynchronous suspension>
#13     run.<anonymous closure>.<anonymous closure> (package:flutter_tools/runner.dart:130:9)
<asynchronous suspension>
#14     AppContext.run.<anonymous closure> (package:flutter_tools/src/base/context.dart:153:19)
<asynchronous suspension>
#15     main (package:flutter_tools/executable.dart:93:3)
<asynchronous suspension>
```

## flutter doctor

```
[32m[✓][39m Flutter (Channel stable, 3.24.3, on macOS 14.6.1 23G93 darwin-arm64, locale en-US)
    [32m•[39m Flutter version 3.24.3 on channel stable at /Users/coeus/development/flutter
    [32m•[39m Upstream repository https://github.com/flutter/flutter.git
    [32m•[39m Framework revision 2663184aa7 (3 months ago), 2024-09-11 16:27:48 -0500
    [32m•[39m Engine revision 36335019a8
    [32m•[39m Dart version 3.5.3
    [32m•[39m DevTools version 2.37.3

[31m[✗][39m Android toolchain - develop for Android devices
    [31m✗[39m Unable to locate Android SDK.
      Install Android Studio from: https://developer.android.com/studio/index.html
      On first launch it will assist you in installing the Android SDK components.
      (or visit https://flutter.dev/to/macos-android-setup for detailed instructions).
      If the Android SDK has been installed to a custom location, please use
      `flutter config --android-sdk` to update to that location.


[32m[✓][39m Xcode - develop for iOS and macOS (Xcode 16.1)
    [32m•[39m Xcode at /Applications/Xcode.app/Contents/Developer
    [32m•[39m Build 16B40
    [32m•[39m CocoaPods version 1.15.2

[32m[✓][39m Chrome - develop for the web
    [32m•[39m Chrome at /Applications/Google Chrome.app/Contents/MacOS/Google Chrome

[33m[!][39m Android Studio (not installed)
    [32m•[39m Android Studio not found; download from https://developer.android.com/studio/index.html
      (or visit https://flutter.dev/to/macos-android-setup for detailed instructions).

[32m[✓][39m VS Code (version 1.94.1)
    [32m•[39m VS Code at /Applications/Visual Studio Code.app/Contents
    [32m•[39m Flutter extension version 3.100.0

[32m[✓][39m Connected device (3 available)
    [32m•[39m macOS (desktop)                 • macos                 • darwin-arm64   • macOS 14.6.1 23G93 darwin-arm64
    [32m•[39m Mac Designed for iPad (desktop) • mac-designed-for-ipad • darwin         • macOS 14.6.1 23G93 darwin-arm64
    [32m•[39m Chrome (web)                    • chrome                • web-javascript • Google Chrome 131.0.6778.86

[32m[✓][39m Network resources
    [32m•[39m All expected network resources are available.

[33m![39m Doctor found issues in 2 categories.
```
